<?xml version="1.0" encoding="UTF-8"?>
<!-- Generated by org.testng.reporters.JUnitReportReporter -->
<testsuite hostname="DESKTOP-ROHBIOP" failures="0" tests="3"
	name="com.Parameter" time="0.021" errors="0"
	timestamp="2021-12-22T21:28:21 IST" skipped="0">
	<testcase classname="com.Parameter" name="empzdob"
		time="0.004" />
	<system-out />
	<testcase classname="com.Parameter" name="empname"
		time="0.013" />
	<system-out />
	<testcase classname="com.Parameter" name="empid" time="0.004" />
	<system-out />
</testsuite> <!-- com.Parameter -->
