<?xml version="1.0" encoding="UTF-8"?>
<!-- Generated by org.testng.reporters.JUnitReportReporter -->
<testsuite hostname="DESKTOP-ROHBIOP" failures="0" tests="4" name="com.Data_Provider" time="0.031" errors="0" timestamp="2021-12-28T00:31:54 IST" skipped="0">
  <testcase classname="com.Data_Provider" name="loginDetails" time="0.003"/>
  <system-out/>
  <testcase classname="com.Data_Provider" name="loginDetails" time="0.007"/>
  <system-out/>
  <testcase classname="com.Data_Provider" name="loginDetails" time="0.006"/>
  <system-out/>
  <testcase classname="com.Data_Provider" name="loginDetails" time="0.015"/>
  <system-out/>
</testsuite> <!-- com.Data_Provider -->
