<?xml version="1.0" encoding="UTF-8"?>
<!-- Generated by org.testng.reporters.JUnitReportReporter -->
<testsuite hostname="DESKTOP-ROHBIOP" failures="0" tests="4"
	name="com.Grouping" time="0.073" errors="0"
	timestamp="2021-12-22T20:35:09 IST" skipped="0">
	<testcase classname="com.Grouping" name="Ktm" time="0.019" />
	<system-out />
	<testcase classname="com.Grouping" name="Suzuki" time="0.018" />
	<system-out />
	<testcase classname="com.Grouping" name="Suzuki1" time="0.018" />
	<system-out />
	<testcase classname="com.Grouping" name="Ktm1" time="0.018" />
	<system-out />
</testsuite> <!-- com.Grouping -->
