<?xml version="1.0" encoding="UTF-8"?>
<!-- Generated by org.testng.reporters.JUnitReportReporter -->
<testsuite hostname="DESKTOP-ROHBIOP" failures="0" tests="6"
	name="com.Annotations" time="0.031" errors="0"
	timestamp="2021-12-21T21:52:52 IST" skipped="0">
	<testcase classname="com.Annotations" name="submit"
		time="0.018" />
	<system-out />
	<testcase classname="com.Annotations" name="Setproperty"
		time="0.003" />
	<system-out />
	<testcase classname="com.Annotations" name="login"
		time="0.002" />
	<system-out />
	<testcase classname="com.Annotations" name="Url" time="0.003" />
	<system-out />
	<testcase classname="com.Annotations" name="Username"
		time="0.002" />
	<system-out />
	<testcase classname="com.Annotations" name="password"
		time="0.003" />
	<system-out />
</testsuite> <!-- com.Annotations -->
