<?xml version="1.0" encoding="UTF-8"?>
<!-- Generated by org.testng.reporters.JUnitReportReporter -->
<testsuite hostname="DESKTOP-ROHBIOP" failures="0" tests="2"
	name="com.MavenProject.Mevan_Facebook" time="10.026" errors="0"
	timestamp="2021-12-21T21:21:11 IST" skipped="0">
	<testcase classname="com.MavenProject.Mevan_Facebook"
		name="Student" time="0.026" />
	<system-out />
	<testcase classname="com.MavenProject.Mevan_Facebook"
		name="data" time="10.000" />
	<system-out />
</testsuite> <!-- com.MavenProject.Mevan_Facebook -->
