<?xml version="1.0" encoding="UTF-8"?>
<!-- Generated by org.testng.reporters.JUnitReportReporter -->
<testsuite hostname="DESKTOP-ROHBIOP" failures="0" tests="2"
	name="com.Parallel" time="49.905" errors="0"
	timestamp="2021-12-22T21:03:57 IST" skipped="0">
	<testcase classname="com.Parallel" name="chrome" time="8.429" />
	<system-out />
	<testcase classname="com.Parallel" name="firefox"
		time="41.476" />
	<system-out />
</testsuite> <!-- com.Parallel -->
